<?xml version="1.0" encoding="UTF-8"?>
<!-- Generated by org.testng.reporters.JUnitReportReporter -->
<testsuite hostname="LAPTOP-I26A9PGF" failures="0" tests="1" name="com.qa.runner.TestRunner" time="27.662" errors="0" timestamp="04 Aug 2021 07:05:30 GMT" skipped="0">
  <testcase classname="com.qa.runner.TestRunner" name="feature" time="27.662"/>
</testsuite> <!-- com.qa.runner.TestRunner -->
